2025-07-21 11:56:10,511 - INFO - Trying external webcam (index 1)...
2025-07-21 11:56:10,545 - INFO - external webcam not available (index 1)
2025-07-21 11:56:10,545 - INFO - Trying built-in camera (index 0)...
2025-07-21 11:56:11,568 - INFO - Successfully connected to built-in camera (index 0)
2025-07-21 11:56:13,844 - INFO - All models loaded successfully
2025-07-21 11:56:13,845 - INFO - Starting survey monitoring for soldier 100000002
2025-07-21 11:56:13,845 - INFO - Initializing EmotionDetectionService...
2025-07-21 11:56:14,213 - INFO - All models loaded successfully
2025-07-21 11:56:14,214 - INFO - EmotionDetectionService initialized successfully
2025-07-21 11:56:14,214 - INFO - Initializing camera for survey monitoring...
2025-07-21 11:56:14,219 - INFO - Trying external webcam (index 1)...
2025-07-21 11:56:14,235 - INFO - external webcam not available (index 1)
2025-07-21 11:56:14,236 - INFO - Trying built-in camera (index 0)...
2025-07-21 11:56:15,360 - INFO - Successfully connected to built-in camera (index 0)
2025-07-21 11:56:16,769 - INFO - Camera initialized successfully
2025-07-21 11:56:16,769 - INFO - Testing camera functionality...
2025-07-21 11:56:16,864 - INFO - Camera test successful
2025-07-21 11:56:16,864 - INFO - Setting camera properties...
2025-07-21 11:56:19,582 - INFO - Camera properties set successfully
2025-07-21 11:56:19,584 - INFO - Starting continuous survey frame processing for soldier 100000002
2025-07-21 11:56:19,585 - INFO - Successfully started survey emotion monitoring for soldier 100000002
2025-07-21 11:56:19,923 - INFO - Camera resources cleaned up
